2022-08-25 14:48:43,037 INFO o.a.j.u.JMeterUtils: Setting Locale to en_EN
2022-08-25 14:48:43,062 INFO o.a.j.JMeter: Loading user properties from: user.properties
2022-08-25 14:48:43,063 INFO o.a.j.JMeter: Loading system properties from: system.properties
2022-08-25 14:48:43,070 INFO o.a.j.JMeter: Copyright (c) 1998-2022 The Apache Software Foundation
2022-08-25 14:48:43,070 INFO o.a.j.JMeter: Version 5.5
2022-08-25 14:48:43,071 INFO o.a.j.JMeter: java.version=18.0.2
2022-08-25 14:48:43,071 INFO o.a.j.JMeter: java.vm.name=Java HotSpot(TM) 64-Bit Server VM
2022-08-25 14:48:43,071 INFO o.a.j.JMeter: os.name=Windows 10
2022-08-25 14:48:43,071 INFO o.a.j.JMeter: os.arch=amd64
2022-08-25 14:48:43,071 INFO o.a.j.JMeter: os.version=10.0
2022-08-25 14:48:43,071 INFO o.a.j.JMeter: file.encoding=UTF-8
2022-08-25 14:48:43,071 INFO o.a.j.JMeter: java.awt.headless=null
2022-08-25 14:48:43,071 INFO o.a.j.JMeter: Max memory     =1073741824
2022-08-25 14:48:43,071 INFO o.a.j.JMeter: Available Processors =8
2022-08-25 14:48:43,082 INFO o.a.j.JMeter: Default Locale=English (EN)
2022-08-25 14:48:43,083 INFO o.a.j.JMeter: JMeter  Locale=English (EN)
2022-08-25 14:48:43,083 INFO o.a.j.JMeter: JMeterHome=C:\Users\cromansantillan\git\IOC_POC_JMeter
2022-08-25 14:48:43,083 INFO o.a.j.JMeter: user.dir  =C:\Users\cromansantillan\git\IOC_POC_JMeter\bin
2022-08-25 14:48:43,083 INFO o.a.j.JMeter: PWD       =C:\Users\cromansantillan\git\IOC_POC_JMeter\bin
2022-08-25 14:48:43,084 INFO o.a.j.JMeter: IP: 192.168.100.33 Name: USQROCROMANSAN1 FullName: USQROCROMANSAN1.us.deloitte.com
2022-08-25 14:48:43,095 INFO o.a.j.JMeter: Loaded icon properties from org/apache/jmeter/images/icon.properties
2022-08-25 14:48:43,383 INFO o.a.j.JMeterGuiLauncher: Setting LAF to: com.github.weisj.darklaf.DarkLaf:com.github.weisj.darklaf.theme.DarculaTheme
2022-08-25 14:48:45,680 INFO o.j.r.JARSourceHTTP: Requesting https://jmeter-plugins.org/repo/?installID=windows_10-5677f23d1180bc624a5b10b88fe7b953-gui
2022-08-25 14:48:48,014 INFO o.j.r.PluginManager: Plugins Status: [jpgc-plugins-manager=1.7, jmeter-core=5.5, jmeter-ftp=5.5, jmeter-http=5.5, jmeter-jdbc=5.5, jmeter-jms=5.5, jmeter-junit=5.5, jmeter-java=5.5, jmeter-ldap=5.5, jmeter-mail=5.5, jmeter-mongodb=5.5, jmeter-native=5.5, jmeter-tcp=5.5, jmeter-components=5.5]
2022-08-25 14:49:05,174 INFO o.a.j.s.FileServer: Default base='C:\Users\cromansantillan\git\IOC_POC_JMeter\bin'
2022-08-25 14:49:05,177 INFO o.a.j.g.a.Load: Loading file: C:\Users\cromansantillan\git\IOC_POC_JMeter\IOC_POC_JMeter_JMX_files\TC001_login.jmx
2022-08-25 14:49:05,178 INFO o.a.j.s.FileServer: Set new base='C:\Users\cromansantillan\git\IOC_POC_JMeter\IOC_POC_JMeter_JMX_files'
2022-08-25 14:49:05,472 INFO o.a.j.s.SaveService: Testplan (JMX) version: 2.2. Testlog (JTL) version: 2.2
2022-08-25 14:49:05,480 INFO o.a.j.s.SaveService: Using SaveService properties version 5.0
2022-08-25 14:49:05,483 INFO o.a.j.s.SaveService: Using SaveService properties file encoding UTF-8
2022-08-25 14:49:05,485 INFO o.a.j.s.SaveService: Loading file: C:\Users\cromansantillan\git\IOC_POC_JMeter\IOC_POC_JMeter_JMX_files\TC001_login.jmx
2022-08-25 14:49:05,625 INFO o.a.j.p.h.c.CookieManager: Settings: Delete null: true Check: true Allow variable: true Save: false Prefix: COOKIE_
2022-08-25 14:49:05,627 INFO o.a.j.p.h.c.CacheManager: Will only cache the following methods: [GET]
2022-08-25 14:49:05,633 INFO o.a.j.p.h.s.HTTPSamplerBase: Parser for text/html is org.apache.jmeter.protocol.http.parser.LagartoBasedHtmlParser
2022-08-25 14:49:05,633 INFO o.a.j.p.h.s.HTTPSamplerBase: Parser for application/xhtml+xml is org.apache.jmeter.protocol.http.parser.LagartoBasedHtmlParser
2022-08-25 14:49:05,633 INFO o.a.j.p.h.s.HTTPSamplerBase: Parser for application/xml is org.apache.jmeter.protocol.http.parser.LagartoBasedHtmlParser
2022-08-25 14:49:05,633 INFO o.a.j.p.h.s.HTTPSamplerBase: Parser for text/xml is org.apache.jmeter.protocol.http.parser.LagartoBasedHtmlParser
2022-08-25 14:49:05,633 INFO o.a.j.p.h.s.HTTPSamplerBase: Parser for text/vnd.wap.wml is org.apache.jmeter.protocol.http.parser.RegexpHTMLParser
2022-08-25 14:49:05,633 INFO o.a.j.p.h.s.HTTPSamplerBase: Parser for text/css is org.apache.jmeter.protocol.http.parser.CssParser
2022-08-25 14:49:06,050 INFO o.a.j.s.SampleResult: Note: Sample TimeStamps are START times
2022-08-25 14:49:06,051 INFO o.a.j.s.SampleResult: sampleresult.default.encoding is set to ISO-8859-1
2022-08-25 14:49:06,051 INFO o.a.j.s.SampleResult: sampleresult.useNanoTime=true
2022-08-25 14:49:06,051 INFO o.a.j.s.SampleResult: sampleresult.nanoThreadSleep=5000
2022-08-25 14:49:06,258 INFO o.a.j.v.ViewResultsFullVisualizer: Add JavaFX to your Java installation if you want to use renderer: org.apache.jmeter.visualizers.RenderInBrowser
2022-08-25 14:49:06,352 INFO o.a.j.s.FileServer: Set new base='C:\Users\cromansantillan\git\IOC_POC_JMeter\IOC_POC_JMeter_JMX_files'
